<flex-config xmlns="http://www.adobe.com/2006/flex-config">
	<compiler>
		<accessible>false</accessible>
		<debug>true</debug>
		<external-library-path append="true">
			<path-element>@@repo@@/com/adobe/flex/framework/framework/4.5.2.21576/framework-4.5.2.21576.swc</path-element>
			<path-element>@@repo@@/com/adobe/flex/framework/spark/4.5.2.21576/spark-4.5.2.21576.swc</path-element>
			<path-element>@@repo@@/com/adobe/flex/framework/mx/4.5.2.21576/mx-4.5.2.21576.swc</path-element>
			<path-element>@@repo@@/com/adobe/flex/framework/playerglobal/10.2/playerglobal.swc</path-element>
		</external-library-path>
		<fixed-literal-vector>true</fixed-literal-vector>
		<fonts>
			<local-fonts-snapshot>@@repo@@/fonts.ser</local-fonts-snapshot>
		</fonts>
		<namespaces>
			<namespace>
				<uri>http://ns.adobe.com/mxml/2009</uri>
				<manifest>@@repo@@/com/adobe/flex/framework/framework/4.5.2.21576/configs_zip/mxml-2009-manifest.xml</manifest>
			</namespace>
			<namespace>
				<uri>library://ns.adobe.com/flex/spark</uri>
				<manifest>@@repo@@/com/adobe/flex/framework/framework/4.5.2.21576/configs_zip/spark-manifest.xml</manifest>
			</namespace>
			<namespace>
				<uri>library://ns.adobe.com/flex/mx</uri>
				<manifest>@@repo@@/com/adobe/flex/framework/framework/4.5.2.21576/configs_zip/mx-manifest.xml</manifest>
			</namespace>
			<namespace>
				<uri>http://www.adobe.com/2006/mxml</uri>
				<manifest>@@repo@@/com/adobe/flex/framework/framework/4.5.2.21576/configs_zip/mxml-manifest.xml</manifest>
			</namespace>
			<namespace>
				<uri>test</uri>
				<manifest>@@configs@@/test-manifest.xml</manifest>
			</namespace>
		</namespaces>
		<source-path append="true">
			<path-element>@@baseDir@@/src</path-element>
		</source-path><theme/>
		<warn-no-constructor>false</warn-no-constructor>
	</compiler>
	<include-namespaces append="true">
		<uri>test</uri>
	</include-namespaces>
	<include-sources append="true">
		<path-element>@@baseDir@@/src</path-element>
	</include-sources>
	<metadata>
		<title>test-data-helper</title>
	</metadata>
	<output>@@target@@/test-data-helper.swc</output>
	<swf-version>9</swf-version>
	<target-player>10.2</target-player>
	<tools-locale>en_US</tools-locale>
</flex-config>