<flex-config xmlns="http://www.adobe.com/2006/flex-config">
	<compiler>
		<accessible>false</accessible>
		<debug>false</debug>
		<external-library-path>
			<path-element>@@repo@@/com/adobe/flex/framework/framework/4.5.0.20968/framework-4.5.0.20968.swc</path-element>
			<path-element>@@repo@@/com/adobe/flex/framework/spark/4.5.0.20968/spark-4.5.0.20968.swc</path-element>
			<path-element>@@repo@@/com/adobe/flex/framework/mx/4.5.0.20968/mx-4.5.0.20968.swc</path-element>
			<path-element>@@repo@@/com/adobe/flex/framework/playerglobal/10.2/playerglobal.swc</path-element>
		</external-library-path>
		<fixed-literal-vector>true</fixed-literal-vector>
		<fonts>
			<local-fonts-snapshot>@@repo@@/fonts.ser</local-fonts-snapshot>
		</fonts>
		<include-libraries/>
		<library-path/>
		<locale/>
		<namespaces>
			<namespace>
				<uri>http://ns.adobe.com/mxml/2009</uri>
				<manifest>@@repo@@/com/adobe/flex/framework/framework/4.5.0.20968/configs_zip/mxml-2009-manifest.xml</manifest>
			</namespace>
			<namespace>
				<uri>library://ns.adobe.com/flex/spark</uri>
				<manifest>@@repo@@/com/adobe/flex/framework/framework/4.5.0.20968/configs_zip/spark-manifest.xml</manifest>
			</namespace>
			<namespace>
				<uri>library://ns.adobe.com/flex/mx</uri>
				<manifest>@@repo@@/com/adobe/flex/framework/framework/4.5.0.20968/configs_zip/mx-manifest.xml</manifest>
			</namespace>
			<namespace>
				<uri>http://www.adobe.com/2006/mxml</uri>
				<manifest>@@repo@@/com/adobe/flex/framework/framework/4.5.0.20968/configs_zip/mxml-manifest.xml</manifest>
			</namespace>
			<namespace>
				<uri>test</uri>
				<manifest>@@configs@@/test-manifest.xml</manifest>
			</namespace>
		</namespaces>
		<source-path>
			<path-element>@@source@@/flex</path-element>
		</source-path>
		<theme/>
		<warn-no-constructor>false</warn-no-constructor>
	</compiler>
	<include-namespaces>
		<uri>test</uri>
	</include-namespaces>
	<include-sources>
		<path-element>@@source@@/flex</path-element>
	</include-sources>
	<metadata>
		<title>test-data-libs</title>
	</metadata>
	<output>@@target@@/test-data-libs.swc</output>
	<target-player>10.2</target-player>
	<tools-locale>en_US</tools-locale>
</flex-config>