<flex-config xmlns="http://www.adobe.com/2006/flex-config">
	<output>/Users/develar/workspace/idea/ lplugins/flex/tools/flex-ui-designer/idea-plugin/testData/target/test-project-26.swc</output>
	<target-player>10.1</target-player>
	<tools-locale>en_US</tools-locale>
	<compiler>
		<locale/>
		<source-path/>
		<theme>
			<filename>/Users/develar/.m2/repository/com/adobe/flex/framework/spark/4.5.0.18365/spark-4.5.0.18365-theme.css</filename>
		</theme>
		<fonts>
			<local-fonts-snapshot>/Users/develar/workspace/idea/plugins/flex/tools/flex-ui-designer/idea-plugin/testData/target/classes/fonts.ser</local-fonts-snapshot>
		</fonts>
		<external-library-path>
			<path-element>/Users/develar/.m2/repository/com/adobe/flex/framework/framework/4.5.0.18365/framework-4.5.0.18365.swc</path-element>
			<path-element>libs/4.5/textLayout-2.0.163.swc</path-element>
			<path-element>/Users/develar/.m2/repository/com/adobe/flex/framework/airspark/4.5.0.18365/airspark-4.5.0.18365.swc</path-element>
			<path-element>/Users/develar/.m2/repository/com/adobe/flex/framework/spark/4.5.0.18365/spark-4.5.0.18365.swc</path-element>
			<path-element>/Users/develar/.m2/repository/com/adobe/flex/framework/sparkskins/4.5.0.18365/sparkskins-4.5.0.18365.swc</path-element>
			<path-element>/Users/develar/.m2/repository/com/adobe/flex/framework/rpc/4.5.0.18365/rpc-4.5.0.18365.swc</path-element>
			<path-element>/Users/develar/.m2/repository/com/adobe/flex/framework/airframework/4.5.0.18365/airframework-4.5.0.18365.swc</path-element>
			<path-element>/Users/develar/.m2/repository/com/adobe/flex/framework/applicationupdater/4.5.0.18365/applicationupdater-4.5.0.18365.swc</path-element>
			<path-element>/Users/develar/.m2/repository/com/adobe/flex/framework/applicationupdater_ui/4.5.0.18365/applicationupdater_ui-4.5.0.18365.swc</path-element>
			<path-element>/Users/develar/.m2/repository/com/adobe/flex/framework/servicemonitor/4.5.0.18365/servicemonitor-4.5.0.18365.swc</path-element>
			<path-element>/Users/develar/.m2/repository/com/adobe/flex/framework/osmf/4.5.0.18365/osmf-4.5.0.18365.swc</path-element>
			<path-element>/Users/develar/.m2/repository/com/adobe/flex/framework/airglobal/4.5.0.18365/airglobal.swc</path-element>
		</external-library-path>
		<library-path/>
		<accessible>false</accessible>
		<headless-server>false</headless-server>
		<include-libraries/>
		<namespaces>
			<namespace>
				<uri>http://ns.adobe.com/mxml/2009</uri>
				<manifest>/Users/develar/.m2/repository/com/adobe/flex/framework/framework/4.5.0.18365/configs_zip/mxml-2009-manifest.xml</manifest>
			</namespace>
			<namespace>
				<uri>library://ns.adobe.com/flex/spark</uri>
				<manifest>/Users/develar/.m2/repository/com/adobe/flex/framework/framework/4.5.0.18365/configs_zip/spark-manifest.xml</manifest>
			</namespace>
			<namespace>
				<uri>library://ns.adobe.com/flex/mx</uri>
				<manifest>/Users/develar/.m2/repository/com/adobe/flex/framework/framework/4.5.0.18365/configs_zip/mx-manifest.xml</manifest>
			</namespace>
			<namespace>
				<uri>http://www.adobe.com/2006/mxml</uri>
				<manifest>/Users/develar/.m2/repository/com/adobe/flex/framework/framework/4.5.0.18365/configs_zip/mxml-manifest.xml</manifest>
			</namespace>
		</namespaces>
		<warn-no-constructor>false</warn-no-constructor>
	</compiler>
	<metadata>
		<date>1/3/11 3:11 PM</date>
		<title>test-project</title>
	</metadata>
	<include-sources/>
</flex-config>